<?xml version="1.0" encoding="UTF-8"?>
<testsuite xmlns:xsi="http://www.w3.org/2001/XMLSchema-instance" xsi:noNamespaceSchemaLocation="https://maven.apache.org/surefire/maven-surefire-plugin/xsd/surefire-test-report-3.0.xsd" version="3.0" name="tests.TestCalculatorAddJUnit" time="2.176" tests="2" errors="0" skipped="0" failures="0">
  <properties>
[...]
</properties>
  <testcase name="testAdd0" classname="tests.TestCalculatorAddJUnit" time="1.089">
    <system-out><![CDATA[The result of add is: 2
The result is ok
End of test!
]]></system-out>
  </testcase>
  <testcase name="testCalculatorAdd" classname="tests.TestCalculatorAddJUnit" time="1.006">
    <system-out><![CDATA[The result of add is: 5
The result is ok
End of test!
]]></system-out>
  </testcase>
</testsuite>